[debug] [2024-10-05T16:50:04.553Z] ----------------------------------------------------------------------
[debug] [2024-10-05T16:50:04.555Z] Command:       /usr/local/bin/node /usr/local/bin/firebase apphosting:backends:create --project barciasdigitalbranding --location us-central1
[debug] [2024-10-05T16:50:04.555Z] CLI Version:   13.20.2
[debug] [2024-10-05T16:50:04.555Z] Platform:      darwin
[debug] [2024-10-05T16:50:04.556Z] Node Version:  v20.14.0
[debug] [2024-10-05T16:50:04.556Z] Time:          Sat Oct 05 2024 11:50:04 GMT-0500 (Central Daylight Time)
[debug] [2024-10-05T16:50:04.556Z] ----------------------------------------------------------------------
[debug] 
[debug] [2024-10-05T16:50:04.560Z] Checked if tokens are valid: true, expires at: 1728148355351
[debug] [2024-10-05T16:50:04.560Z] Checked if tokens are valid: true, expires at: 1728148355351
[debug] [2024-10-05T16:50:04.561Z] >>> [apiv2][query] GET https://serviceusage.googleapis.com/v1/projects/barciasdigitalbranding/services/firebaseapphosting.googleapis.com [none]
[debug] [2024-10-05T16:50:04.561Z] >>> [apiv2][(partial)header] GET https://serviceusage.googleapis.com/v1/projects/barciasdigitalbranding/services/firebaseapphosting.googleapis.com x-goog-quota-user=projects/barciasdigitalbranding
[debug] [2024-10-05T16:50:05.010Z] <<< [apiv2][status] GET https://serviceusage.googleapis.com/v1/projects/barciasdigitalbranding/services/firebaseapphosting.googleapis.com 200
[debug] [2024-10-05T16:50:05.011Z] <<< [apiv2][body] GET https://serviceusage.googleapis.com/v1/projects/barciasdigitalbranding/services/firebaseapphosting.googleapis.com [omitted]
[debug] [2024-10-05T16:50:05.011Z] Checked if tokens are valid: true, expires at: 1728148355351
[debug] [2024-10-05T16:50:05.012Z] Checked if tokens are valid: true, expires at: 1728148355351
[debug] [2024-10-05T16:50:05.012Z] >>> [apiv2][query] GET https://mobilesdk-pa.googleapis.com/v1/accessmanagement/tos:getStatus [none]
[debug] [2024-10-05T16:50:05.273Z] <<< [apiv2][status] GET https://mobilesdk-pa.googleapis.com/v1/accessmanagement/tos:getStatus 200
[debug] [2024-10-05T16:50:05.273Z] <<< [apiv2][body] GET https://mobilesdk-pa.googleapis.com/v1/accessmanagement/tos:getStatus {"overallStatus":"ACCEPTED","uTosStatus":{"tos":{"id":"firebase","tosId":"FIREBASE_UNIVERSAL"},"status":"ACCEPTED"},"childTosStatus":[{"tos":{"id":"cloud","tosId":"CLOUD_PLATFORM"},"status":"ACCEPTED"},{"tos":{"id":"firebase_b2b","tosId":"FIREBASE_B2B"},"status":"ACCEPTED"},{"tos":{"id":"universal","tosId":"GOOGLE_APIS"},"status":"ACCEPTED"}],"termsUrl":"https://firebase.google.com/terms","perServiceStatus":[{"tosId":"APP_CHECK","serviceStatus":{"tos":{"id":"app_check","tosId":"APP_CHECK"},"status":"ACCEPTED"}},{"tosId":"APP_HOSTING_TOS","serviceStatus":{"tos":{"id":"app_hosting","tosId":"APP_HOSTING_TOS"},"status":"ACCEPTED"}},{"tosId":"APP_HOSTING_TOS","serviceStatus":{"tos":{"id":"app_hosting","tosId":"APP_HOSTING_TOS"},"status":"ACCEPTED"}},{"tosId":"CORE_APPS","serviceStatus":{"tos":{"id":"core_apps","tosId":"CORE_APPS"},"status":"ACCEPTED"}},{"tosId":"VERTEX_AI_IN_FIREBASE","serviceStatus":{"tos":{"id":"vertex_ai_in_firebase","tosId":"VERTEX_AI_IN_FIREBASE"},"status":"ACCEPTED"}},{"tosId":"FIREBASE_CRASHLYTICS_APP_DISTRIBUTION","serviceStatus":{"tos":{"id":"firebase_crashlytics_app_distribution","tosId":"FIREBASE_CRASHLYTICS_APP_DISTRIBUTION"},"status":"ACCEPTED"}},{"tosId":"GENERATIVE_LANGUAGE","serviceStatus":{"tos":{"id":"generative-language-api","tosId":"GENERATIVE_LANGUAGE"},"status":"NEVER_ACCEPTED"}},{"tosId":"FIREBASE_DATA_CONNECT","serviceStatus":{"tos":{"id":"data_connect","tosId":"FIREBASE_DATA_CONNECT"},"status":"ACCEPTED"}}]}
[debug] [2024-10-05T16:50:05.274Z] Checked if tokens are valid: true, expires at: 1728148355351
[debug] [2024-10-05T16:50:05.274Z] Checked if tokens are valid: true, expires at: 1728148355351
[debug] [2024-10-05T16:50:05.274Z] Checked if tokens are valid: true, expires at: 1728148355351
[debug] [2024-10-05T16:50:05.275Z] Checked if tokens are valid: true, expires at: 1728148355351
[debug] [2024-10-05T16:50:05.275Z] Checked if tokens are valid: true, expires at: 1728148355351
[debug] [2024-10-05T16:50:05.275Z] Checked if tokens are valid: true, expires at: 1728148355351
[debug] [2024-10-05T16:50:05.275Z] Checked if tokens are valid: true, expires at: 1728148355351
[debug] [2024-10-05T16:50:05.275Z] Checked if tokens are valid: true, expires at: 1728148355351
[debug] [2024-10-05T16:50:05.275Z] Checked if tokens are valid: true, expires at: 1728148355351
[debug] [2024-10-05T16:50:05.275Z] Checked if tokens are valid: true, expires at: 1728148355351
[debug] [2024-10-05T16:50:05.275Z] Checked if tokens are valid: true, expires at: 1728148355351
[debug] [2024-10-05T16:50:05.275Z] Checked if tokens are valid: true, expires at: 1728148355351
[debug] [2024-10-05T16:50:05.275Z] >>> [apiv2][query] GET https://serviceusage.googleapis.com/v1/projects/barciasdigitalbranding/services/developerconnect.googleapis.com [none]
[debug] [2024-10-05T16:50:05.276Z] >>> [apiv2][(partial)header] GET https://serviceusage.googleapis.com/v1/projects/barciasdigitalbranding/services/developerconnect.googleapis.com x-goog-quota-user=projects/barciasdigitalbranding
[debug] [2024-10-05T16:50:05.276Z] >>> [apiv2][query] GET https://serviceusage.googleapis.com/v1/projects/barciasdigitalbranding/services/cloudbuild.googleapis.com [none]
[debug] [2024-10-05T16:50:05.277Z] >>> [apiv2][(partial)header] GET https://serviceusage.googleapis.com/v1/projects/barciasdigitalbranding/services/cloudbuild.googleapis.com x-goog-quota-user=projects/barciasdigitalbranding
[debug] [2024-10-05T16:50:05.279Z] >>> [apiv2][query] GET https://serviceusage.googleapis.com/v1/projects/barciasdigitalbranding/services/secretmanager.googleapis.com [none]
[debug] [2024-10-05T16:50:05.279Z] >>> [apiv2][(partial)header] GET https://serviceusage.googleapis.com/v1/projects/barciasdigitalbranding/services/secretmanager.googleapis.com x-goog-quota-user=projects/barciasdigitalbranding
[debug] [2024-10-05T16:50:05.280Z] >>> [apiv2][query] GET https://serviceusage.googleapis.com/v1/projects/barciasdigitalbranding/services/run.googleapis.com [none]
[debug] [2024-10-05T16:50:05.281Z] >>> [apiv2][(partial)header] GET https://serviceusage.googleapis.com/v1/projects/barciasdigitalbranding/services/run.googleapis.com x-goog-quota-user=projects/barciasdigitalbranding
[debug] [2024-10-05T16:50:05.282Z] >>> [apiv2][query] GET https://serviceusage.googleapis.com/v1/projects/barciasdigitalbranding/services/artifactregistry.googleapis.com [none]
[debug] [2024-10-05T16:50:05.282Z] >>> [apiv2][(partial)header] GET https://serviceusage.googleapis.com/v1/projects/barciasdigitalbranding/services/artifactregistry.googleapis.com x-goog-quota-user=projects/barciasdigitalbranding
[debug] [2024-10-05T16:50:05.284Z] >>> [apiv2][query] GET https://serviceusage.googleapis.com/v1/projects/barciasdigitalbranding/services/iam.googleapis.com [none]
[debug] [2024-10-05T16:50:05.284Z] >>> [apiv2][(partial)header] GET https://serviceusage.googleapis.com/v1/projects/barciasdigitalbranding/services/iam.googleapis.com x-goog-quota-user=projects/barciasdigitalbranding
[debug] [2024-10-05T16:50:05.425Z] <<< [apiv2][status] GET https://serviceusage.googleapis.com/v1/projects/barciasdigitalbranding/services/developerconnect.googleapis.com 200
[debug] [2024-10-05T16:50:05.426Z] <<< [apiv2][body] GET https://serviceusage.googleapis.com/v1/projects/barciasdigitalbranding/services/developerconnect.googleapis.com [omitted]
[debug] [2024-10-05T16:50:05.590Z] <<< [apiv2][status] GET https://serviceusage.googleapis.com/v1/projects/barciasdigitalbranding/services/secretmanager.googleapis.com 200
[debug] [2024-10-05T16:50:05.590Z] <<< [apiv2][body] GET https://serviceusage.googleapis.com/v1/projects/barciasdigitalbranding/services/secretmanager.googleapis.com [omitted]
[debug] [2024-10-05T16:50:05.592Z] <<< [apiv2][status] GET https://serviceusage.googleapis.com/v1/projects/barciasdigitalbranding/services/cloudbuild.googleapis.com 200
[debug] [2024-10-05T16:50:05.592Z] <<< [apiv2][body] GET https://serviceusage.googleapis.com/v1/projects/barciasdigitalbranding/services/cloudbuild.googleapis.com [omitted]
[debug] [2024-10-05T16:50:05.601Z] <<< [apiv2][status] GET https://serviceusage.googleapis.com/v1/projects/barciasdigitalbranding/services/run.googleapis.com 200
[debug] [2024-10-05T16:50:05.601Z] <<< [apiv2][body] GET https://serviceusage.googleapis.com/v1/projects/barciasdigitalbranding/services/run.googleapis.com [omitted]
[debug] [2024-10-05T16:50:05.604Z] <<< [apiv2][status] GET https://serviceusage.googleapis.com/v1/projects/barciasdigitalbranding/services/artifactregistry.googleapis.com 200
[debug] [2024-10-05T16:50:05.604Z] <<< [apiv2][body] GET https://serviceusage.googleapis.com/v1/projects/barciasdigitalbranding/services/artifactregistry.googleapis.com [omitted]
[debug] [2024-10-05T16:50:05.641Z] <<< [apiv2][status] GET https://serviceusage.googleapis.com/v1/projects/barciasdigitalbranding/services/iam.googleapis.com 200
[debug] [2024-10-05T16:50:05.641Z] <<< [apiv2][body] GET https://serviceusage.googleapis.com/v1/projects/barciasdigitalbranding/services/iam.googleapis.com [omitted]
[debug] [2024-10-05T16:50:05.642Z] Checked if tokens are valid: true, expires at: 1728148355351
[debug] [2024-10-05T16:50:05.642Z] Checked if tokens are valid: true, expires at: 1728148355351
[debug] [2024-10-05T16:50:05.642Z] >>> [apiv2][query] POST https://iam.googleapis.com/v1/projects/barciasdigitalbranding/serviceAccounts/firebase-app-hosting-compute@barciasdigitalbranding.iam.gserviceaccount.com:testIamPermissions [none]
[debug] [2024-10-05T16:50:05.642Z] >>> [apiv2][(partial)header] POST https://iam.googleapis.com/v1/projects/barciasdigitalbranding/serviceAccounts/firebase-app-hosting-compute@barciasdigitalbranding.iam.gserviceaccount.com:testIamPermissions x-goog-quota-user=projects/barciasdigitalbranding
[debug] [2024-10-05T16:50:05.643Z] >>> [apiv2][body] POST https://iam.googleapis.com/v1/projects/barciasdigitalbranding/serviceAccounts/firebase-app-hosting-compute@barciasdigitalbranding.iam.gserviceaccount.com:testIamPermissions {"permissions":["iam.serviceAccounts.actAs"]}
[debug] [2024-10-05T16:50:07.114Z] <<< [apiv2][status] POST https://iam.googleapis.com/v1/projects/barciasdigitalbranding/serviceAccounts/firebase-app-hosting-compute@barciasdigitalbranding.iam.gserviceaccount.com:testIamPermissions 200
[debug] [2024-10-05T16:50:07.114Z] <<< [apiv2][body] POST https://iam.googleapis.com/v1/projects/barciasdigitalbranding/serviceAccounts/firebase-app-hosting-compute@barciasdigitalbranding.iam.gserviceaccount.com:testIamPermissions {"permissions":["iam.serviceAccounts.actAs"]}
[debug] [2024-10-05T16:50:07.115Z] Checked if tokens are valid: true, expires at: 1728148355351
[debug] [2024-10-05T16:50:07.115Z] Checked if tokens are valid: true, expires at: 1728148355351
[debug] [2024-10-05T16:50:07.115Z] >>> [apiv2][query] GET https://firebaseapphosting.googleapis.com/v1alpha/projects/barciasdigitalbranding/locations 
[debug] [2024-10-05T16:50:07.506Z] <<< [apiv2][status] GET https://firebaseapphosting.googleapis.com/v1alpha/projects/barciasdigitalbranding/locations 200
[debug] [2024-10-05T16:50:07.506Z] <<< [apiv2][body] GET https://firebaseapphosting.googleapis.com/v1alpha/projects/barciasdigitalbranding/locations {"locations":[{"name":"projects/barciasdigitalbranding/locations/asia-east1","locationId":"asia-east1","displayName":"Taiwan"},{"name":"projects/barciasdigitalbranding/locations/europe-west4","locationId":"europe-west4","displayName":"Netherlands"},{"name":"projects/barciasdigitalbranding/locations/us-central1","locationId":"us-central1","displayName":"Iowa"}]}
[info] i  === Import a GitHub repository 
[debug] [2024-10-05T16:50:07.508Z] Checked if tokens are valid: true, expires at: 1728148355351
[debug] [2024-10-05T16:50:07.508Z] Checked if tokens are valid: true, expires at: 1728148355351
[debug] [2024-10-05T16:50:07.508Z] >>> [apiv2][query] GET https://developerconnect.googleapis.com/v1/projects/barciasdigitalbranding/locations/us-central1/connections/firebase-app-hosting-github-oauth [none]
[debug] [2024-10-05T16:50:07.864Z] <<< [apiv2][status] GET https://developerconnect.googleapis.com/v1/projects/barciasdigitalbranding/locations/us-central1/connections/firebase-app-hosting-github-oauth 200
[debug] [2024-10-05T16:50:07.865Z] <<< [apiv2][body] GET https://developerconnect.googleapis.com/v1/projects/barciasdigitalbranding/locations/us-central1/connections/firebase-app-hosting-github-oauth {"name":"projects/barciasdigitalbranding/locations/us-central1/connections/firebase-app-hosting-github-oauth","createTime":"2024-10-05T16:43:11.911113620Z","updateTime":"2024-10-05T16:43:35.870742755Z","githubConfig":{"githubApp":"FIREBASE","authorizerCredential":{"oauthTokenSecretVersion":"projects/barciasdigitalbranding/secrets/firebase-app-hosting-github-oauth-github-oauthtoken-8789de/versions/latest","username":"berna2103"},"appInstallationId":"55636058","installationUri":"https://github.com/settings/installations/55636058"},"installationState":{"stage":"COMPLETE"}}
[info] ✔  Connected with GitHub successfully
 
[debug] [2024-10-05T16:50:07.868Z] Checked if tokens are valid: true, expires at: 1728148355351
[debug] [2024-10-05T16:50:07.868Z] Checked if tokens are valid: true, expires at: 1728148355351
[debug] [2024-10-05T16:50:07.869Z] >>> [apiv2][query] GET https://developerconnect.googleapis.com/v1/projects/barciasdigitalbranding/locations/us-central1/connections/firebase-app-hosting-github-oauth:fetchGitHubInstallations [none]
[debug] [2024-10-05T16:50:08.172Z] <<< [apiv2][status] GET https://developerconnect.googleapis.com/v1/projects/barciasdigitalbranding/locations/us-central1/connections/firebase-app-hosting-github-oauth:fetchGitHubInstallations 200
[debug] [2024-10-05T16:50:08.173Z] <<< [apiv2][body] GET https://developerconnect.googleapis.com/v1/projects/barciasdigitalbranding/locations/us-central1/connections/firebase-app-hosting-github-oauth:fetchGitHubInstallations {"installations":[{"id":"55636058","name":"berna2103","type":"user"}]}
[debug] [2024-10-05T16:50:11.276Z] Checked if tokens are valid: true, expires at: 1728148355351
[debug] [2024-10-05T16:50:11.276Z] Checked if tokens are valid: true, expires at: 1728148355351
[debug] [2024-10-05T16:50:11.277Z] >>> [apiv2][query] GET https://developerconnect.googleapis.com/v1/projects/barciasdigitalbranding/locations/us-central1/connections pageSize=1000&pageToken=
[debug] [2024-10-05T16:50:11.347Z] <<< [apiv2][status] GET https://developerconnect.googleapis.com/v1/projects/barciasdigitalbranding/locations/us-central1/connections 200
[debug] [2024-10-05T16:50:11.347Z] <<< [apiv2][body] GET https://developerconnect.googleapis.com/v1/projects/barciasdigitalbranding/locations/us-central1/connections {"connections":[{"name":"projects/barciasdigitalbranding/locations/us-central1/connections/apphosting-github-conn-jyjejc","createTime":"2024-10-05T16:44:11.867679629Z","updateTime":"2024-10-05T16:44:12.366987935Z","githubConfig":{"githubApp":"FIREBASE","authorizerCredential":{"oauthTokenSecretVersion":"projects/barciasdigitalbranding/secrets/firebase-app-hosting-github-oauth-github-oauthtoken-8789de/versions/latest","username":"berna2103"},"appInstallationId":"55636058","installationUri":"https://github.com/settings/installations/55636058"},"installationState":{"stage":"COMPLETE"}},{"name":"projects/barciasdigitalbranding/locations/us-central1/connections/firebase-app-hosting-github-oauth","createTime":"2024-10-05T16:43:11.911113620Z","updateTime":"2024-10-05T16:43:35.870742755Z","githubConfig":{"githubApp":"FIREBASE","authorizerCredential":{"oauthTokenSecretVersion":"projects/barciasdigitalbranding/secrets/firebase-app-hosting-github-oauth-github-oauthtoken-8789de/versions/latest","username":"berna2103"},"appInstallationId":"55636058","installationUri":"https://github.com/settings/installations/55636058"},"installationState":{"stage":"COMPLETE"}}]}
[debug] [2024-10-05T16:50:11.348Z] Checked if tokens are valid: true, expires at: 1728148355351
[debug] [2024-10-05T16:50:11.348Z] Checked if tokens are valid: true, expires at: 1728148355351
[debug] [2024-10-05T16:50:11.348Z] >>> [apiv2][query] GET https://developerconnect.googleapis.com/v1/projects/barciasdigitalbranding/locations/us-central1/connections/apphosting-github-conn-jyjejc:fetchLinkableGitRepositories pageSize=1000&pageToken=
[debug] [2024-10-05T16:50:11.800Z] <<< [apiv2][status] GET https://developerconnect.googleapis.com/v1/projects/barciasdigitalbranding/locations/us-central1/connections/apphosting-github-conn-jyjejc:fetchLinkableGitRepositories 200
[debug] [2024-10-05T16:50:11.801Z] <<< [apiv2][body] GET https://developerconnect.googleapis.com/v1/projects/barciasdigitalbranding/locations/us-central1/connections/apphosting-github-conn-jyjejc:fetchLinkableGitRepositories {"linkableGitRepositories":[{"cloneUri":"https://github.com/berna2103/BarciasMarketing.git"},{"cloneUri":"https://github.com/berna2103/ElCharroRestaurant.git"},{"cloneUri":"https://github.com/berna2103/Equipment_Dahsboard.git"},{"cloneUri":"https://github.com/berna2103/fastFSR.git"},{"cloneUri":"https://github.com/berna2103/grocery-store.git"},{"cloneUri":"https://github.com/berna2103/jamaybienesraices.git"},{"cloneUri":"https://github.com/berna2103/JBConstruction.git"},{"cloneUri":"https://github.com/berna2103/mariscoslapazjamay.git"},{"cloneUri":"https://github.com/berna2103/my-resume.git"},{"cloneUri":"https://github.com/berna2103/Newsletter.git"},{"cloneUri":"https://github.com/berna2103/OrdenaNow.git"},{"cloneUri":"https://github.com/berna2103/Streamlit-Power-Point-Generator.git"},{"cloneUri":"https://github.com/berna2103/taekwondo.git"},{"cloneUri":"https://github.com/berna2103/vitalidad_fitness.git"}]}
[debug] [2024-10-05T16:50:22.382Z] Checked if tokens are valid: true, expires at: 1728148355351
[debug] [2024-10-05T16:50:22.382Z] Checked if tokens are valid: true, expires at: 1728148355351
[debug] [2024-10-05T16:50:22.383Z] >>> [apiv2][query] GET https://developerconnect.googleapis.com/v1/projects/barciasdigitalbranding/locations/us-central1/connections/apphosting-github-conn-jyjejc [none]
[debug] [2024-10-05T16:50:22.568Z] <<< [apiv2][status] GET https://developerconnect.googleapis.com/v1/projects/barciasdigitalbranding/locations/us-central1/connections/apphosting-github-conn-jyjejc 200
[debug] [2024-10-05T16:50:22.568Z] <<< [apiv2][body] GET https://developerconnect.googleapis.com/v1/projects/barciasdigitalbranding/locations/us-central1/connections/apphosting-github-conn-jyjejc {"name":"projects/barciasdigitalbranding/locations/us-central1/connections/apphosting-github-conn-jyjejc","createTime":"2024-10-05T16:44:11.867679629Z","updateTime":"2024-10-05T16:44:12.366987935Z","githubConfig":{"githubApp":"FIREBASE","authorizerCredential":{"oauthTokenSecretVersion":"projects/barciasdigitalbranding/secrets/firebase-app-hosting-github-oauth-github-oauthtoken-8789de/versions/latest","username":"berna2103"},"appInstallationId":"55636058","installationUri":"https://github.com/settings/installations/55636058"},"installationState":{"stage":"COMPLETE"}}
[debug] [2024-10-05T16:50:22.569Z] Checked if tokens are valid: true, expires at: 1728148355351
[debug] [2024-10-05T16:50:22.569Z] Checked if tokens are valid: true, expires at: 1728148355351
[debug] [2024-10-05T16:50:22.569Z] >>> [apiv2][query] GET https://developerconnect.googleapis.com/v1/projects/barciasdigitalbranding/locations/us-central1/connections/apphosting-github-conn-jyjejc/gitRepositoryLinks/berna2103-BarciasMarketing [none]
[debug] [2024-10-05T16:50:22.637Z] <<< [apiv2][status] GET https://developerconnect.googleapis.com/v1/projects/barciasdigitalbranding/locations/us-central1/connections/apphosting-github-conn-jyjejc/gitRepositoryLinks/berna2103-BarciasMarketing 200
[debug] [2024-10-05T16:50:22.638Z] <<< [apiv2][body] GET https://developerconnect.googleapis.com/v1/projects/barciasdigitalbranding/locations/us-central1/connections/apphosting-github-conn-jyjejc/gitRepositoryLinks/berna2103-BarciasMarketing {"name":"projects/barciasdigitalbranding/locations/us-central1/connections/apphosting-github-conn-jyjejc/gitRepositoryLinks/berna2103-BarciasMarketing","cloneUri":"https://github.com/berna2103/BarciasMarketing.git","createTime":"2024-10-05T16:45:15.343180445Z","updateTime":"2024-10-05T16:45:15.938680592Z"}
[debug] [2024-10-05T16:50:23.933Z] Checked if tokens are valid: true, expires at: 1728148355351
[debug] [2024-10-05T16:50:23.933Z] Checked if tokens are valid: true, expires at: 1728148355351
[debug] [2024-10-05T16:50:23.933Z] >>> [apiv2][query] GET https://developerconnect.googleapis.com/v1/projects/barciasdigitalbranding/locations/us-central1/connections/apphosting-github-conn-jyjejc/gitRepositoryLinks/berna2103-BarciasMarketing:fetchGitRefs refType=BRANCH&pageSize=1000&pageToken=
[debug] [2024-10-05T16:50:24.395Z] <<< [apiv2][status] GET https://developerconnect.googleapis.com/v1/projects/barciasdigitalbranding/locations/us-central1/connections/apphosting-github-conn-jyjejc/gitRepositoryLinks/berna2103-BarciasMarketing:fetchGitRefs 200
[debug] [2024-10-05T16:50:24.396Z] <<< [apiv2][body] GET https://developerconnect.googleapis.com/v1/projects/barciasdigitalbranding/locations/us-central1/connections/apphosting-github-conn-jyjejc/gitRepositoryLinks/berna2103-BarciasMarketing:fetchGitRefs {}
[warn] ⚠  The branch "main" does not exist on "berna2103/BarciasMarketing". Please enter a valid branch for this repo. 
[warn] ⚠  The branch "master" does not exist on "berna2103/BarciasMarketing". Please enter a valid branch for this repo. 
[warn] ⚠  The branch "main" does not exist on "berna2103/BarciasMarketing". Please enter a valid branch for this repo. 
[debug] [2024-10-05T16:53:25.248Z] ----------------------------------------------------------------------
[debug] [2024-10-05T16:53:25.250Z] Command:       /usr/local/bin/node /usr/local/bin/firebase apphosting:backends:create --project barciasdigitalbranding --location us-central1
[debug] [2024-10-05T16:53:25.250Z] CLI Version:   13.20.2
[debug] [2024-10-05T16:53:25.251Z] Platform:      darwin
[debug] [2024-10-05T16:53:25.251Z] Node Version:  v20.14.0
[debug] [2024-10-05T16:53:25.251Z] Time:          Sat Oct 05 2024 11:53:25 GMT-0500 (Central Daylight Time)
[debug] [2024-10-05T16:53:25.251Z] ----------------------------------------------------------------------
[debug] 
[debug] [2024-10-05T16:53:25.255Z] Checked if tokens are valid: true, expires at: 1728148355351
[debug] [2024-10-05T16:53:25.255Z] Checked if tokens are valid: true, expires at: 1728148355351
[debug] [2024-10-05T16:53:25.256Z] >>> [apiv2][query] GET https://serviceusage.googleapis.com/v1/projects/barciasdigitalbranding/services/firebaseapphosting.googleapis.com [none]
[debug] [2024-10-05T16:53:25.256Z] >>> [apiv2][(partial)header] GET https://serviceusage.googleapis.com/v1/projects/barciasdigitalbranding/services/firebaseapphosting.googleapis.com x-goog-quota-user=projects/barciasdigitalbranding
[debug] [2024-10-05T16:53:25.930Z] <<< [apiv2][status] GET https://serviceusage.googleapis.com/v1/projects/barciasdigitalbranding/services/firebaseapphosting.googleapis.com 200
[debug] [2024-10-05T16:53:25.931Z] <<< [apiv2][body] GET https://serviceusage.googleapis.com/v1/projects/barciasdigitalbranding/services/firebaseapphosting.googleapis.com [omitted]
[debug] [2024-10-05T16:53:25.931Z] Checked if tokens are valid: true, expires at: 1728148355351
[debug] [2024-10-05T16:53:25.932Z] Checked if tokens are valid: true, expires at: 1728148355351
[debug] [2024-10-05T16:53:25.932Z] >>> [apiv2][query] GET https://mobilesdk-pa.googleapis.com/v1/accessmanagement/tos:getStatus [none]
[debug] [2024-10-05T16:53:26.062Z] <<< [apiv2][status] GET https://mobilesdk-pa.googleapis.com/v1/accessmanagement/tos:getStatus 200
[debug] [2024-10-05T16:53:26.062Z] <<< [apiv2][body] GET https://mobilesdk-pa.googleapis.com/v1/accessmanagement/tos:getStatus {"overallStatus":"ACCEPTED","uTosStatus":{"tos":{"id":"firebase","tosId":"FIREBASE_UNIVERSAL"},"status":"ACCEPTED"},"childTosStatus":[{"tos":{"id":"cloud","tosId":"CLOUD_PLATFORM"},"status":"ACCEPTED"},{"tos":{"id":"firebase_b2b","tosId":"FIREBASE_B2B"},"status":"ACCEPTED"},{"tos":{"id":"universal","tosId":"GOOGLE_APIS"},"status":"ACCEPTED"}],"termsUrl":"https://firebase.google.com/terms","perServiceStatus":[{"tosId":"APP_CHECK","serviceStatus":{"tos":{"id":"app_check","tosId":"APP_CHECK"},"status":"ACCEPTED"}},{"tosId":"APP_HOSTING_TOS","serviceStatus":{"tos":{"id":"app_hosting","tosId":"APP_HOSTING_TOS"},"status":"ACCEPTED"}},{"tosId":"APP_HOSTING_TOS","serviceStatus":{"tos":{"id":"app_hosting","tosId":"APP_HOSTING_TOS"},"status":"ACCEPTED"}},{"tosId":"CORE_APPS","serviceStatus":{"tos":{"id":"core_apps","tosId":"CORE_APPS"},"status":"ACCEPTED"}},{"tosId":"VERTEX_AI_IN_FIREBASE","serviceStatus":{"tos":{"id":"vertex_ai_in_firebase","tosId":"VERTEX_AI_IN_FIREBASE"},"status":"ACCEPTED"}},{"tosId":"FIREBASE_CRASHLYTICS_APP_DISTRIBUTION","serviceStatus":{"tos":{"id":"firebase_crashlytics_app_distribution","tosId":"FIREBASE_CRASHLYTICS_APP_DISTRIBUTION"},"status":"ACCEPTED"}},{"tosId":"GENERATIVE_LANGUAGE","serviceStatus":{"tos":{"id":"generative-language-api","tosId":"GENERATIVE_LANGUAGE"},"status":"NEVER_ACCEPTED"}},{"tosId":"FIREBASE_DATA_CONNECT","serviceStatus":{"tos":{"id":"data_connect","tosId":"FIREBASE_DATA_CONNECT"},"status":"ACCEPTED"}}]}
[debug] [2024-10-05T16:53:26.063Z] Checked if tokens are valid: true, expires at: 1728148355351
[debug] [2024-10-05T16:53:26.063Z] Checked if tokens are valid: true, expires at: 1728148355351
[debug] [2024-10-05T16:53:26.063Z] Checked if tokens are valid: true, expires at: 1728148355351
[debug] [2024-10-05T16:53:26.063Z] Checked if tokens are valid: true, expires at: 1728148355351
[debug] [2024-10-05T16:53:26.063Z] Checked if tokens are valid: true, expires at: 1728148355351
[debug] [2024-10-05T16:53:26.063Z] Checked if tokens are valid: true, expires at: 1728148355351
[debug] [2024-10-05T16:53:26.064Z] Checked if tokens are valid: true, expires at: 1728148355351
[debug] [2024-10-05T16:53:26.064Z] Checked if tokens are valid: true, expires at: 1728148355351
[debug] [2024-10-05T16:53:26.064Z] Checked if tokens are valid: true, expires at: 1728148355351
[debug] [2024-10-05T16:53:26.064Z] Checked if tokens are valid: true, expires at: 1728148355351
[debug] [2024-10-05T16:53:26.064Z] Checked if tokens are valid: true, expires at: 1728148355351
[debug] [2024-10-05T16:53:26.064Z] Checked if tokens are valid: true, expires at: 1728148355351
[debug] [2024-10-05T16:53:26.064Z] >>> [apiv2][query] GET https://serviceusage.googleapis.com/v1/projects/barciasdigitalbranding/services/developerconnect.googleapis.com [none]
[debug] [2024-10-05T16:53:26.064Z] >>> [apiv2][(partial)header] GET https://serviceusage.googleapis.com/v1/projects/barciasdigitalbranding/services/developerconnect.googleapis.com x-goog-quota-user=projects/barciasdigitalbranding
[debug] [2024-10-05T16:53:26.065Z] >>> [apiv2][query] GET https://serviceusage.googleapis.com/v1/projects/barciasdigitalbranding/services/cloudbuild.googleapis.com [none]
[debug] [2024-10-05T16:53:26.065Z] >>> [apiv2][(partial)header] GET https://serviceusage.googleapis.com/v1/projects/barciasdigitalbranding/services/cloudbuild.googleapis.com x-goog-quota-user=projects/barciasdigitalbranding
[debug] [2024-10-05T16:53:26.067Z] >>> [apiv2][query] GET https://serviceusage.googleapis.com/v1/projects/barciasdigitalbranding/services/secretmanager.googleapis.com [none]
[debug] [2024-10-05T16:53:26.068Z] >>> [apiv2][(partial)header] GET https://serviceusage.googleapis.com/v1/projects/barciasdigitalbranding/services/secretmanager.googleapis.com x-goog-quota-user=projects/barciasdigitalbranding
[debug] [2024-10-05T16:53:26.069Z] >>> [apiv2][query] GET https://serviceusage.googleapis.com/v1/projects/barciasdigitalbranding/services/run.googleapis.com [none]
[debug] [2024-10-05T16:53:26.069Z] >>> [apiv2][(partial)header] GET https://serviceusage.googleapis.com/v1/projects/barciasdigitalbranding/services/run.googleapis.com x-goog-quota-user=projects/barciasdigitalbranding
[debug] [2024-10-05T16:53:26.071Z] >>> [apiv2][query] GET https://serviceusage.googleapis.com/v1/projects/barciasdigitalbranding/services/artifactregistry.googleapis.com [none]
[debug] [2024-10-05T16:53:26.071Z] >>> [apiv2][(partial)header] GET https://serviceusage.googleapis.com/v1/projects/barciasdigitalbranding/services/artifactregistry.googleapis.com x-goog-quota-user=projects/barciasdigitalbranding
[debug] [2024-10-05T16:53:26.073Z] >>> [apiv2][query] GET https://serviceusage.googleapis.com/v1/projects/barciasdigitalbranding/services/iam.googleapis.com [none]
[debug] [2024-10-05T16:53:26.073Z] >>> [apiv2][(partial)header] GET https://serviceusage.googleapis.com/v1/projects/barciasdigitalbranding/services/iam.googleapis.com x-goog-quota-user=projects/barciasdigitalbranding
[debug] [2024-10-05T16:53:26.203Z] <<< [apiv2][status] GET https://serviceusage.googleapis.com/v1/projects/barciasdigitalbranding/services/developerconnect.googleapis.com 200
[debug] [2024-10-05T16:53:26.204Z] <<< [apiv2][body] GET https://serviceusage.googleapis.com/v1/projects/barciasdigitalbranding/services/developerconnect.googleapis.com [omitted]
[debug] [2024-10-05T16:53:26.314Z] <<< [apiv2][status] GET https://serviceusage.googleapis.com/v1/projects/barciasdigitalbranding/services/cloudbuild.googleapis.com 200
[debug] [2024-10-05T16:53:26.314Z] <<< [apiv2][body] GET https://serviceusage.googleapis.com/v1/projects/barciasdigitalbranding/services/cloudbuild.googleapis.com [omitted]
[debug] [2024-10-05T16:53:26.321Z] <<< [apiv2][status] GET https://serviceusage.googleapis.com/v1/projects/barciasdigitalbranding/services/secretmanager.googleapis.com 200
[debug] [2024-10-05T16:53:26.321Z] <<< [apiv2][body] GET https://serviceusage.googleapis.com/v1/projects/barciasdigitalbranding/services/secretmanager.googleapis.com [omitted]
[debug] [2024-10-05T16:53:26.328Z] <<< [apiv2][status] GET https://serviceusage.googleapis.com/v1/projects/barciasdigitalbranding/services/iam.googleapis.com 200
[debug] [2024-10-05T16:53:26.329Z] <<< [apiv2][body] GET https://serviceusage.googleapis.com/v1/projects/barciasdigitalbranding/services/iam.googleapis.com [omitted]
[debug] [2024-10-05T16:53:26.330Z] <<< [apiv2][status] GET https://serviceusage.googleapis.com/v1/projects/barciasdigitalbranding/services/run.googleapis.com 200
[debug] [2024-10-05T16:53:26.330Z] <<< [apiv2][body] GET https://serviceusage.googleapis.com/v1/projects/barciasdigitalbranding/services/run.googleapis.com [omitted]
[debug] [2024-10-05T16:53:26.341Z] <<< [apiv2][status] GET https://serviceusage.googleapis.com/v1/projects/barciasdigitalbranding/services/artifactregistry.googleapis.com 200
[debug] [2024-10-05T16:53:26.341Z] <<< [apiv2][body] GET https://serviceusage.googleapis.com/v1/projects/barciasdigitalbranding/services/artifactregistry.googleapis.com [omitted]
[debug] [2024-10-05T16:53:26.342Z] Checked if tokens are valid: true, expires at: 1728148355351
[debug] [2024-10-05T16:53:26.342Z] Checked if tokens are valid: true, expires at: 1728148355351
[debug] [2024-10-05T16:53:26.342Z] >>> [apiv2][query] POST https://iam.googleapis.com/v1/projects/barciasdigitalbranding/serviceAccounts/firebase-app-hosting-compute@barciasdigitalbranding.iam.gserviceaccount.com:testIamPermissions [none]
[debug] [2024-10-05T16:53:26.342Z] >>> [apiv2][(partial)header] POST https://iam.googleapis.com/v1/projects/barciasdigitalbranding/serviceAccounts/firebase-app-hosting-compute@barciasdigitalbranding.iam.gserviceaccount.com:testIamPermissions x-goog-quota-user=projects/barciasdigitalbranding
[debug] [2024-10-05T16:53:26.342Z] >>> [apiv2][body] POST https://iam.googleapis.com/v1/projects/barciasdigitalbranding/serviceAccounts/firebase-app-hosting-compute@barciasdigitalbranding.iam.gserviceaccount.com:testIamPermissions {"permissions":["iam.serviceAccounts.actAs"]}
[debug] [2024-10-05T16:53:26.486Z] <<< [apiv2][status] POST https://iam.googleapis.com/v1/projects/barciasdigitalbranding/serviceAccounts/firebase-app-hosting-compute@barciasdigitalbranding.iam.gserviceaccount.com:testIamPermissions 200
[debug] [2024-10-05T16:53:26.486Z] <<< [apiv2][body] POST https://iam.googleapis.com/v1/projects/barciasdigitalbranding/serviceAccounts/firebase-app-hosting-compute@barciasdigitalbranding.iam.gserviceaccount.com:testIamPermissions {"permissions":["iam.serviceAccounts.actAs"]}
[debug] [2024-10-05T16:53:26.487Z] Checked if tokens are valid: true, expires at: 1728148355351
[debug] [2024-10-05T16:53:26.487Z] Checked if tokens are valid: true, expires at: 1728148355351
[debug] [2024-10-05T16:53:26.487Z] >>> [apiv2][query] GET https://firebaseapphosting.googleapis.com/v1alpha/projects/barciasdigitalbranding/locations 
[debug] [2024-10-05T16:53:26.745Z] <<< [apiv2][status] GET https://firebaseapphosting.googleapis.com/v1alpha/projects/barciasdigitalbranding/locations 200
[debug] [2024-10-05T16:53:26.746Z] <<< [apiv2][body] GET https://firebaseapphosting.googleapis.com/v1alpha/projects/barciasdigitalbranding/locations {"locations":[{"name":"projects/barciasdigitalbranding/locations/asia-east1","locationId":"asia-east1","displayName":"Taiwan"},{"name":"projects/barciasdigitalbranding/locations/europe-west4","locationId":"europe-west4","displayName":"Netherlands"},{"name":"projects/barciasdigitalbranding/locations/us-central1","locationId":"us-central1","displayName":"Iowa"}]}
[info] i  === Import a GitHub repository 
[debug] [2024-10-05T16:53:26.747Z] Checked if tokens are valid: true, expires at: 1728148355351
[debug] [2024-10-05T16:53:26.747Z] Checked if tokens are valid: true, expires at: 1728148355351
[debug] [2024-10-05T16:53:26.748Z] >>> [apiv2][query] GET https://developerconnect.googleapis.com/v1/projects/barciasdigitalbranding/locations/us-central1/connections/firebase-app-hosting-github-oauth [none]
[debug] [2024-10-05T16:53:27.029Z] <<< [apiv2][status] GET https://developerconnect.googleapis.com/v1/projects/barciasdigitalbranding/locations/us-central1/connections/firebase-app-hosting-github-oauth 200
[debug] [2024-10-05T16:53:27.030Z] <<< [apiv2][body] GET https://developerconnect.googleapis.com/v1/projects/barciasdigitalbranding/locations/us-central1/connections/firebase-app-hosting-github-oauth {"name":"projects/barciasdigitalbranding/locations/us-central1/connections/firebase-app-hosting-github-oauth","createTime":"2024-10-05T16:43:11.911113620Z","updateTime":"2024-10-05T16:43:35.870742755Z","githubConfig":{"githubApp":"FIREBASE","authorizerCredential":{"oauthTokenSecretVersion":"projects/barciasdigitalbranding/secrets/firebase-app-hosting-github-oauth-github-oauthtoken-8789de/versions/latest","username":"berna2103"},"appInstallationId":"55636058","installationUri":"https://github.com/settings/installations/55636058"},"installationState":{"stage":"COMPLETE"}}
[info] ✔  Connected with GitHub successfully
 
[debug] [2024-10-05T16:53:27.031Z] Checked if tokens are valid: true, expires at: 1728148355351
[debug] [2024-10-05T16:53:27.031Z] Checked if tokens are valid: true, expires at: 1728148355351
[debug] [2024-10-05T16:53:27.031Z] >>> [apiv2][query] GET https://developerconnect.googleapis.com/v1/projects/barciasdigitalbranding/locations/us-central1/connections/firebase-app-hosting-github-oauth:fetchGitHubInstallations [none]
[debug] [2024-10-05T16:53:27.300Z] <<< [apiv2][status] GET https://developerconnect.googleapis.com/v1/projects/barciasdigitalbranding/locations/us-central1/connections/firebase-app-hosting-github-oauth:fetchGitHubInstallations 200
[debug] [2024-10-05T16:53:27.300Z] <<< [apiv2][body] GET https://developerconnect.googleapis.com/v1/projects/barciasdigitalbranding/locations/us-central1/connections/firebase-app-hosting-github-oauth:fetchGitHubInstallations {"installations":[{"id":"55636058","name":"berna2103","type":"user"}]}
[debug] [2024-10-05T16:53:29.247Z] Checked if tokens are valid: true, expires at: 1728148355351
[debug] [2024-10-05T16:53:29.247Z] Checked if tokens are valid: true, expires at: 1728148355351
[debug] [2024-10-05T16:53:29.247Z] >>> [apiv2][query] GET https://developerconnect.googleapis.com/v1/projects/barciasdigitalbranding/locations/us-central1/connections pageSize=1000&pageToken=
[debug] [2024-10-05T16:53:29.325Z] <<< [apiv2][status] GET https://developerconnect.googleapis.com/v1/projects/barciasdigitalbranding/locations/us-central1/connections 200
[debug] [2024-10-05T16:53:29.325Z] <<< [apiv2][body] GET https://developerconnect.googleapis.com/v1/projects/barciasdigitalbranding/locations/us-central1/connections {"connections":[{"name":"projects/barciasdigitalbranding/locations/us-central1/connections/apphosting-github-conn-jyjejc","createTime":"2024-10-05T16:44:11.867679629Z","updateTime":"2024-10-05T16:44:12.366987935Z","githubConfig":{"githubApp":"FIREBASE","authorizerCredential":{"oauthTokenSecretVersion":"projects/barciasdigitalbranding/secrets/firebase-app-hosting-github-oauth-github-oauthtoken-8789de/versions/latest","username":"berna2103"},"appInstallationId":"55636058","installationUri":"https://github.com/settings/installations/55636058"},"installationState":{"stage":"COMPLETE"}},{"name":"projects/barciasdigitalbranding/locations/us-central1/connections/firebase-app-hosting-github-oauth","createTime":"2024-10-05T16:43:11.911113620Z","updateTime":"2024-10-05T16:43:35.870742755Z","githubConfig":{"githubApp":"FIREBASE","authorizerCredential":{"oauthTokenSecretVersion":"projects/barciasdigitalbranding/secrets/firebase-app-hosting-github-oauth-github-oauthtoken-8789de/versions/latest","username":"berna2103"},"appInstallationId":"55636058","installationUri":"https://github.com/settings/installations/55636058"},"installationState":{"stage":"COMPLETE"}}]}
[debug] [2024-10-05T16:53:29.326Z] Checked if tokens are valid: true, expires at: 1728148355351
[debug] [2024-10-05T16:53:29.326Z] Checked if tokens are valid: true, expires at: 1728148355351
[debug] [2024-10-05T16:53:29.326Z] >>> [apiv2][query] GET https://developerconnect.googleapis.com/v1/projects/barciasdigitalbranding/locations/us-central1/connections/apphosting-github-conn-jyjejc:fetchLinkableGitRepositories pageSize=1000&pageToken=
[debug] [2024-10-05T16:53:29.712Z] <<< [apiv2][status] GET https://developerconnect.googleapis.com/v1/projects/barciasdigitalbranding/locations/us-central1/connections/apphosting-github-conn-jyjejc:fetchLinkableGitRepositories 200
[debug] [2024-10-05T16:53:29.712Z] <<< [apiv2][body] GET https://developerconnect.googleapis.com/v1/projects/barciasdigitalbranding/locations/us-central1/connections/apphosting-github-conn-jyjejc:fetchLinkableGitRepositories {"linkableGitRepositories":[{"cloneUri":"https://github.com/berna2103/BarciasMarketing.git"},{"cloneUri":"https://github.com/berna2103/ElCharroRestaurant.git"},{"cloneUri":"https://github.com/berna2103/Equipment_Dahsboard.git"},{"cloneUri":"https://github.com/berna2103/fastFSR.git"},{"cloneUri":"https://github.com/berna2103/grocery-store.git"},{"cloneUri":"https://github.com/berna2103/jamaybienesraices.git"},{"cloneUri":"https://github.com/berna2103/JBConstruction.git"},{"cloneUri":"https://github.com/berna2103/mariscoslapazjamay.git"},{"cloneUri":"https://github.com/berna2103/my-resume.git"},{"cloneUri":"https://github.com/berna2103/Newsletter.git"},{"cloneUri":"https://github.com/berna2103/OrdenaNow.git"},{"cloneUri":"https://github.com/berna2103/Streamlit-Power-Point-Generator.git"},{"cloneUri":"https://github.com/berna2103/taekwondo.git"},{"cloneUri":"https://github.com/berna2103/vitalidad_fitness.git"}]}
[debug] [2024-10-05T16:53:30.828Z] Checked if tokens are valid: true, expires at: 1728148355351
[debug] [2024-10-05T16:53:30.828Z] Checked if tokens are valid: true, expires at: 1728148355351
[debug] [2024-10-05T16:53:30.829Z] >>> [apiv2][query] GET https://developerconnect.googleapis.com/v1/projects/barciasdigitalbranding/locations/us-central1/connections/apphosting-github-conn-jyjejc [none]
[debug] [2024-10-05T16:53:30.889Z] <<< [apiv2][status] GET https://developerconnect.googleapis.com/v1/projects/barciasdigitalbranding/locations/us-central1/connections/apphosting-github-conn-jyjejc 200
[debug] [2024-10-05T16:53:30.889Z] <<< [apiv2][body] GET https://developerconnect.googleapis.com/v1/projects/barciasdigitalbranding/locations/us-central1/connections/apphosting-github-conn-jyjejc {"name":"projects/barciasdigitalbranding/locations/us-central1/connections/apphosting-github-conn-jyjejc","createTime":"2024-10-05T16:44:11.867679629Z","updateTime":"2024-10-05T16:44:12.366987935Z","githubConfig":{"githubApp":"FIREBASE","authorizerCredential":{"oauthTokenSecretVersion":"projects/barciasdigitalbranding/secrets/firebase-app-hosting-github-oauth-github-oauthtoken-8789de/versions/latest","username":"berna2103"},"appInstallationId":"55636058","installationUri":"https://github.com/settings/installations/55636058"},"installationState":{"stage":"COMPLETE"}}
[debug] [2024-10-05T16:53:30.890Z] Checked if tokens are valid: true, expires at: 1728148355351
[debug] [2024-10-05T16:53:30.890Z] Checked if tokens are valid: true, expires at: 1728148355351
[debug] [2024-10-05T16:53:30.890Z] >>> [apiv2][query] GET https://developerconnect.googleapis.com/v1/projects/barciasdigitalbranding/locations/us-central1/connections/apphosting-github-conn-jyjejc/gitRepositoryLinks/berna2103-BarciasMarketing [none]
[debug] [2024-10-05T16:53:30.958Z] <<< [apiv2][status] GET https://developerconnect.googleapis.com/v1/projects/barciasdigitalbranding/locations/us-central1/connections/apphosting-github-conn-jyjejc/gitRepositoryLinks/berna2103-BarciasMarketing 200
[debug] [2024-10-05T16:53:30.959Z] <<< [apiv2][body] GET https://developerconnect.googleapis.com/v1/projects/barciasdigitalbranding/locations/us-central1/connections/apphosting-github-conn-jyjejc/gitRepositoryLinks/berna2103-BarciasMarketing {"name":"projects/barciasdigitalbranding/locations/us-central1/connections/apphosting-github-conn-jyjejc/gitRepositoryLinks/berna2103-BarciasMarketing","cloneUri":"https://github.com/berna2103/BarciasMarketing.git","createTime":"2024-10-05T16:45:15.343180445Z","updateTime":"2024-10-05T16:45:15.938680592Z"}
[debug] [2024-10-05T16:53:31.908Z] Checked if tokens are valid: true, expires at: 1728148355351
[debug] [2024-10-05T16:53:31.908Z] Checked if tokens are valid: true, expires at: 1728148355351
[debug] [2024-10-05T16:53:31.908Z] >>> [apiv2][query] GET https://developerconnect.googleapis.com/v1/projects/barciasdigitalbranding/locations/us-central1/connections/apphosting-github-conn-jyjejc/gitRepositoryLinks/berna2103-BarciasMarketing:fetchGitRefs refType=BRANCH&pageSize=1000&pageToken=
[debug] [2024-10-05T16:53:32.311Z] <<< [apiv2][status] GET https://developerconnect.googleapis.com/v1/projects/barciasdigitalbranding/locations/us-central1/connections/apphosting-github-conn-jyjejc/gitRepositoryLinks/berna2103-BarciasMarketing:fetchGitRefs 200
[debug] [2024-10-05T16:53:32.312Z] <<< [apiv2][body] GET https://developerconnect.googleapis.com/v1/projects/barciasdigitalbranding/locations/us-central1/connections/apphosting-github-conn-jyjejc/gitRepositoryLinks/berna2103-BarciasMarketing:fetchGitRefs {}
[warn] ⚠  The branch "main" does not exist on "berna2103/BarciasMarketing". Please enter a valid branch for this repo. 
[warn] ⚠  The branch "main" does not exist on "berna2103/BarciasMarketing". Please enter a valid branch for this repo. 
[warn] ⚠  The branch "main" does not exist on "berna2103/BarciasMarketing". Please enter a valid branch for this repo. 
[warn] ⚠  The branch "main" does not exist on "berna2103/BarciasMarketing". Please enter a valid branch for this repo. 
